<?xml version="1.0" encoding="UTF-8"?>
<!-- Generated by org.testng.reporters.JUnitReportReporter -->
<testsuite hostname="DESKTOP-GE411VK" failures="0" tests="1" name="RelativeLocators" time="13.409" errors="0" timestamp="2023-05-26T12:37:39 BST" skipped="0">
  <testcase classname="RelativeLocators" name="testHeader" time="13.409"/>
  <system-out/>
</testsuite> <!-- RelativeLocators -->
